c:\users\dev\superstory\superstory\debug\vc143.pdb
c:\users\dev\superstory\superstory\debug\vc143.idb
c:\users\dev\superstory\superstory\debug\superstory.obj
c:\users\dev\superstory\superstory\debug\texturemanager.obj
c:\users\dev\superstory\superstory\debug\map.obj
c:\users\dev\superstory\superstory\debug\main.obj
c:\users\dev\superstory\superstory\debug\gameobject.obj
c:\users\dev\superstory\superstory\debug\components.obj
c:\users\dev\superstory\superstory\debug\superstory.ilk
c:\users\dev\superstory\debug\superstory.exe
c:\users\dev\superstory\debug\superstory.pdb
c:\users\dev\superstory\superstory\debug\nativecodeanalysis.read.1.tlog
c:\users\dev\superstory\superstory\debug\map.nativecodeanalysis.xml
c:\users\dev\superstory\superstory\debug\vc.nativecodeanalysis.all.xml
c:\users\dev\superstory\superstory\debug\superstory.tlog\cl.command.1.tlog
c:\users\dev\superstory\superstory\debug\superstory.tlog\cl.items.tlog
c:\users\dev\superstory\superstory\debug\superstory.tlog\cl.read.1.tlog
c:\users\dev\superstory\superstory\debug\superstory.tlog\cl.write.1.tlog
c:\users\dev\superstory\superstory\debug\superstory.tlog\link.command.1.tlog
c:\users\dev\superstory\superstory\debug\superstory.tlog\link.read.1.tlog
c:\users\dev\superstory\superstory\debug\superstory.tlog\link.write.1.tlog
